0 info it worked if it ends with ok
1 verbose cli [ 'C:\\Program Files\\nodejs\\node.exe',
1 verbose cli   'C:\\Users\\zeb\\AppData\\Roaming\\npm\\node_modules\\npm\\bin\\npm-cli.js',
1 verbose cli   'start' ]
2 info using npm@4.1.2
3 info using node@v4.5.0
4 verbose run-script [ 'prestart', 'start', 'poststart' ]
5 info lifecycle SimpleCrm@0.0.0~prestart: SimpleCrm@0.0.0
6 silly lifecycle SimpleCrm@0.0.0~prestart: no script for prestart, continuing
7 info lifecycle SimpleCrm@0.0.0~start: SimpleCrm@0.0.0
8 verbose lifecycle SimpleCrm@0.0.0~start: unsafe-perm in lifecycle true
9 verbose lifecycle SimpleCrm@0.0.0~start: PATH: C:\Users\zeb\AppData\Roaming\npm\node_modules\npm\bin\node-gyp-bin;C:\Users\zeb\Documents\programming\simple-crm\node_modules\.bin;C:\Program Files (x86)\iis express\PHP\v5.6;C:\Program Files (x86)\iis express\PHP\v5.3;C:\ProgramData\Oracle\Java\javapath;C:\WINDOWS\system32;C:\WINDOWS;C:\WINDOWS\System32\Wbem;C:\WINDOWS\System32\WindowsPowerShell\v1.0\;C:\Program Files\nodejs\;C:\Program Files\Microsoft SQL Server\130\Tools\Binn\;C:\Program Files\Git\cmd;C:\Program Files\Microsoft\Web Platform Installer\;C:\Ruby23-x64\bin;C:\Users\zeb\AppData\Local\Microsoft\WindowsApps;C:\Users\zeb\AppData\Roaming\npm;C:\php;C:\Program Files\Microsoft SQL Server\110\Tools\Binn\;C:\ProgramData\ComposerSetup\bin;C:\Users\zeb\AppData\Roaming\Composer\vendor\bin;;C:\Program Files (x86)\WinMerge;C:\blp\DAPI;C:\blp\DAPI\DDE;C:\Ruby23-x64\bin;C:\Users\zeb\AppData\Local\Microsoft\WindowsApps;C:\Users\zeb\AppData\Roaming\npm;C:\php;C:\Users\zeb\AppData\Roaming\Composer\vendor\bin;C:\Program Files (x86)\Microsoft VS Code\bin;C:\Python36-32
10 verbose lifecycle SimpleCrm@0.0.0~start: CWD: C:\Users\zeb\Documents\programming\simple-crm
11 silly lifecycle SimpleCrm@0.0.0~start: Args: [ '/d /s /c', 'node bin/www' ]
12 silly lifecycle SimpleCrm@0.0.0~start: Returned: code: 1  signal: null
13 info lifecycle SimpleCrm@0.0.0~start: Failed to exec start script
14 verbose stack Error: SimpleCrm@0.0.0 start: `node bin/www`
14 verbose stack Exit status 1
14 verbose stack     at EventEmitter.<anonymous> (C:\Users\zeb\AppData\Roaming\npm\node_modules\npm\lib\utils\lifecycle.js:279:16)
14 verbose stack     at emitTwo (events.js:87:13)
14 verbose stack     at EventEmitter.emit (events.js:172:7)
14 verbose stack     at ChildProcess.<anonymous> (C:\Users\zeb\AppData\Roaming\npm\node_modules\npm\lib\utils\spawn.js:40:14)
14 verbose stack     at emitTwo (events.js:87:13)
14 verbose stack     at ChildProcess.emit (events.js:172:7)
14 verbose stack     at maybeClose (internal/child_process.js:829:16)
14 verbose stack     at Process.ChildProcess._handle.onexit (internal/child_process.js:211:5)
15 verbose pkgid SimpleCrm@0.0.0
16 verbose cwd C:\Users\zeb\Documents\programming\simple-crm
17 error Windows_NT 10.0.14393
18 error argv "C:\\Program Files\\nodejs\\node.exe" "C:\\Users\\zeb\\AppData\\Roaming\\npm\\node_modules\\npm\\bin\\npm-cli.js" "start"
19 error node v4.5.0
20 error npm  v4.1.2
21 error code ELIFECYCLE
22 error SimpleCrm@0.0.0 start: `node bin/www`
22 error Exit status 1
23 error Failed at the SimpleCrm@0.0.0 start script 'node bin/www'.
23 error Make sure you have the latest version of node.js and npm installed.
23 error If you do, this is most likely a problem with the SimpleCrm package,
23 error not with npm itself.
23 error Tell the author that this fails on your system:
23 error     node bin/www
23 error You can get information on how to open an issue for this project with:
23 error     npm bugs SimpleCrm
23 error Or if that isn't available, you can get their info via:
23 error     npm owner ls SimpleCrm
23 error There is likely additional logging output above.
24 verbose exit [ 1, true ]
